0-prep 0h0m2s364ms
1-yosys 0h1m46s976ms
2-opensta 0h0m2s711ms
3-verilog2def_openroad 0h0m1s535ms
4-ioPlacer 0h0m1s200ms
5-tapcell 0h0m1s213ms
7-pdn 0h0m2s157ms
8-replace 0h0m7s861ms
8-resizer 0h0m5s240ms
9-write_verilog 0h0m1s178ms
10-opensta_post_resizer 0h0m2s828ms
11-opendp 0h0m1s334ms
12-cts 0h1m23s926ms
13-write_verilog 0h0m1s148ms
13-resizer_timing 0h0m3s366ms
14-write_verilog 0h0m1s153ms
15-resizer_timing 0h0m5s172ms
15-opensta_post_resizer_timing 0h0m2s739ms
16-write_verilog 0h0m1s151ms
17-opensta_post_resizer_routing_timing 0h0m2s728ms
18-opendp 0h0m1s298ms
19-fastroute 0h0m7s176ms
20-addspacers 0h0m1s278ms
21-write_verilog 0h0m1s210ms
22-tritonRoute 0h3m26s590ms
23-spef_extraction 0h0m4s107ms
24-opensta_spef 0h0m4s81ms
26-write_verilog 0h0m1s508ms
30-magic_gen 0h0m14s479ms
31-klayout 0h0m2s123ms
33-klayout_xor 0h0m31s880ms
34-magic_ext_spice 0h0m11s943ms
35-lvs 0h0m2s568ms
36-magic_drc 0h1m0s275ms
38-or_antenna 0h0m2s198ms
39-cvc 0h0m0s597ms