Fri Oct 22 20:58:41 UTC 2021 - Executing "openroad -python /openLANE_flow/scripts/extract_metal_layers.py -t /home/dpztv/SkyWater/OpenLane/pdks/sky130A/libs.ref/sky130_fd_sc_hd/techlef/sky130_fd_sc_hd.tlef -o /openLANE_flow/designs/user_project_wrapper/runs/22-10_20-58/tmp/met_layers_list.txt"

Fri Oct 22 20:58:42 UTC 2021 - Executing "/openLANE_flow/scripts/mergeLef.py -i /home/dpztv/SkyWater/OpenLane/pdks/sky130A/libs.ref/sky130_fd_sc_hd/techlef/sky130_fd_sc_hd.tlef {/home/dpztv/SkyWater/OpenLane/pdks/sky130A/libs.ref/sky130_fd_sc_hd/lef/sky130_ef_sc_hd__decap_12.lef /home/dpztv/SkyWater/OpenLane/pdks/sky130A/libs.ref/sky130_fd_sc_hd/lef/sky130_ef_sc_hd__fakediode_2.lef /home/dpztv/SkyWater/OpenLane/pdks/sky130A/libs.ref/sky130_fd_sc_hd/lef/sky130_ef_sc_hd__fill_12.lef /home/dpztv/SkyWater/OpenLane/pdks/sky130A/libs.ref/sky130_fd_sc_hd/lef/sky130_ef_sc_hd__fill_8.lef /home/dpztv/SkyWater/OpenLane/pdks/sky130A/libs.ref/sky130_fd_sc_hd/lef/sky130_fd_sc_hd.lef} -o /openLANE_flow/designs/user_project_wrapper/runs/22-10_20-58/tmp/merged_unpadded.lef |& tee >&@stdout"

Fri Oct 22 20:58:42 UTC 2021 - Executing "/openLANE_flow/scripts/libtrim.pl /home/dpztv/SkyWater/OpenLane/pdks/sky130A/libs.ref/sky130_fd_sc_hd/lib/sky130_fd_sc_hd__tt_025C_1v80.lib /openLANE_flow/designs/user_project_wrapper/runs/22-10_20-58/tmp/trimmed.lib.exclude.list > /openLANE_flow/designs/user_project_wrapper/runs/22-10_20-58/tmp/trimmed.lib"

Fri Oct 22 20:58:42 UTC 2021 - Executing "openroad -python /openLANE_flow/scripts/new_tracks.py -i /home/dpztv/SkyWater/OpenLane/pdks/sky130A/libs.tech/openlane/sky130_fd_sc_hd/tracks.info -o /openLANE_flow/designs/user_project_wrapper/runs/22-10_20-58/tmp/config.tracks"

Fri Oct 22 20:58:44 UTC 2021 - Executing "echo {openlane 2021.09.23_03.17.13-1-g6a618ac} > /openLANE_flow/designs/user_project_wrapper/runs/22-10_20-58/OPENLANE_VERSION"

Fri Oct 22 20:58:44 UTC 2021 - Executing "sed -E {s/^([[:space:]]+)pg_pin(.*)/\1pin\2\n\1    direction : "inout";/g} /home/dpztv/SkyWater/OpenLane/pdks/sky130A/libs.ref/sky130_fd_sc_hd/lib/sky130_fd_sc_hd__tt_025C_1v80.lib > /openLANE_flow/designs/user_project_wrapper/runs/22-10_20-58/tmp/sky130_fd_sc_hd__tt_025C_1v80.no_pg.lib"

Fri Oct 22 20:58:44 UTC 2021 - Executing "yosys -c /openLANE_flow/scripts/synth.tcl -l /openLANE_flow/designs/user_project_wrapper/runs/22-10_20-58/logs/synthesis/1-yosys.log |& tee >&@stdout"

Fri Oct 22 21:04:19 UTC 2021 - Executing "sed -i -e {s/\(set ::env(CURRENT_NETLIST)\).*/\1 \/openLANE_flow\/designs\/user_project_wrapper\/runs\/22-10_20-58\/results\/synthesis\/user_project_wrapper.synthesis.v/} /openLANE_flow/designs/user_project_wrapper/runs/22-10_20-58/config.tcl"

Fri Oct 22 21:04:19 UTC 2021 - Executing "sed -i -e {s/\(set ::env(PREV_NETLIST)\).*/\1 0/} /openLANE_flow/designs/user_project_wrapper/runs/22-10_20-58/config.tcl"

Fri Oct 22 21:04:19 UTC 2021 - Executing "sed -i /defparam/d /openLANE_flow/designs/user_project_wrapper/runs/22-10_20-58/results/synthesis/user_project_wrapper.synthesis.v"

Fri Oct 22 21:04:19 UTC 2021 - Executing "openroad -exit /openLANE_flow/scripts/sta.tcl |& tee >&@stdout /openLANE_flow/designs/user_project_wrapper/runs/22-10_20-58/logs/synthesis/2-opensta"

Fri Oct 22 21:04:22 UTC 2021 - Executing "openroad -exit /openLANE_flow/scripts/openroad/or_floorplan.tcl |& tee >&@stdout /openLANE_flow/designs/user_project_wrapper/runs/22-10_20-58/logs/floorplan/3-verilog2def.openroad.log"

Fri Oct 22 21:04:24 UTC 2021 - Executing "openroad -exit /openLANE_flow/scripts/openroad/or_ioplacer.tcl |& tee >&@stdout /openLANE_flow/designs/user_project_wrapper/runs/22-10_20-58/logs/floorplan/4-ioPlacer.log"

Fri Oct 22 21:04:25 UTC 2021 - Executing "openroad -exit /openLANE_flow/scripts/openroad/or_tapcell.tcl |& tee >&@stdout /openLANE_flow/designs/user_project_wrapper/runs/22-10_20-58/logs/floorplan/5-tapcell.log"

Fri Oct 22 21:04:26 UTC 2021 - Executing "openroad -exit /openLANE_flow/scripts/openroad/or_pdn.tcl |& tee >&@stdout /openLANE_flow/designs/user_project_wrapper/runs/22-10_20-58/logs/floorplan/7-pdn.log"

Fri Oct 22 21:04:28 UTC 2021 - Executing "openroad -exit /openLANE_flow/scripts/openroad/or_replace.tcl |& tee >&@stdout /openLANE_flow/designs/user_project_wrapper/runs/22-10_20-58/logs/placement/8-replace.log"

Fri Oct 22 21:04:36 UTC 2021 - Executing "openroad -exit /openLANE_flow/scripts/openroad/or_resizer.tcl |& tee >&@stdout /openLANE_flow/designs/user_project_wrapper/runs/22-10_20-58/logs/placement/8-resizer.log"

Fri Oct 22 21:04:41 UTC 2021 - Executing "openroad -exit /openLANE_flow/scripts/openroad/or_write_verilog.tcl |& tee >&@stdout /openLANE_flow/designs/user_project_wrapper/runs/22-10_20-58/logs/9-write_verilog.log"

Fri Oct 22 21:04:42 UTC 2021 - Executing "sed -i -e {s/\(set ::env(CURRENT_NETLIST)\).*/\1 \/openLANE_flow\/designs\/user_project_wrapper\/runs\/22-10_20-58\/results\/synthesis\/user_project_wrapper.synthesis_optimized.v/} /openLANE_flow/designs/user_project_wrapper/runs/22-10_20-58/config.tcl"

Fri Oct 22 21:04:42 UTC 2021 - Executing "sed -i -e {s/\(set ::env(PREV_NETLIST)\).*/\1 \/openLANE_flow\/designs\/user_project_wrapper\/runs\/22-10_20-58\/results\/synthesis\/user_project_wrapper.synthesis.v/} /openLANE_flow/designs/user_project_wrapper/runs/22-10_20-58/config.tcl"

Fri Oct 22 21:04:42 UTC 2021 - Executing "openroad -exit /openLANE_flow/scripts/sta.tcl |& tee >&@stdout /openLANE_flow/designs/user_project_wrapper/runs/22-10_20-58/logs/synthesis/10-opensta_post_resizer"

Fri Oct 22 21:04:45 UTC 2021 - Executing "openroad -exit /openLANE_flow/scripts/openroad/or_opendp.tcl |& tee >&@stdout /openLANE_flow/designs/user_project_wrapper/runs/22-10_20-58/logs/placement/11-opendp.log"

Fri Oct 22 21:04:46 UTC 2021 - Executing "/openLANE_flow/scripts/libtrim.pl /home/dpztv/SkyWater/OpenLane/pdks/sky130A/libs.ref/sky130_fd_sc_hd/lib/sky130_fd_sc_hd__tt_025C_1v80.lib /openLANE_flow/designs/user_project_wrapper/runs/22-10_20-58/tmp/cts.lib.exclude.list > /openLANE_flow/designs/user_project_wrapper/runs/22-10_20-58/tmp/cts.lib"

Fri Oct 22 21:04:46 UTC 2021 - Executing "openroad -exit /openLANE_flow/scripts/openroad/or_cts.tcl |& tee >&@stdout /openLANE_flow/designs/user_project_wrapper/runs/22-10_20-58/logs/cts/12-cts.log"

Fri Oct 22 21:06:09 UTC 2021 - Executing "openroad -exit /openLANE_flow/scripts/openroad/or_write_verilog.tcl |& tee >&@stdout /openLANE_flow/designs/user_project_wrapper/runs/22-10_20-58/logs/13-write_verilog.log"

Fri Oct 22 21:06:10 UTC 2021 - Executing "sed -i -e {s/\(set ::env(CURRENT_NETLIST)\).*/\1 \/openLANE_flow\/designs\/user_project_wrapper\/runs\/22-10_20-58\/results\/synthesis\/user_project_wrapper.synthesis_cts.v/} /openLANE_flow/designs/user_project_wrapper/runs/22-10_20-58/config.tcl"

Fri Oct 22 21:06:10 UTC 2021 - Executing "sed -i -e {s/\(set ::env(PREV_NETLIST)\).*/\1 \/openLANE_flow\/designs\/user_project_wrapper\/runs\/22-10_20-58\/results\/synthesis\/user_project_wrapper.synthesis_optimized.v/} /openLANE_flow/designs/user_project_wrapper/runs/22-10_20-58/config.tcl"

Fri Oct 22 21:06:10 UTC 2021 - Executing "openroad -exit /openLANE_flow/scripts/openroad/or_resizer_timing.tcl |& tee >&@stdout /openLANE_flow/designs/user_project_wrapper/runs/22-10_20-58/logs/placement/13-resizer_timing.log"

Fri Oct 22 21:06:14 UTC 2021 - Executing "openroad -exit /openLANE_flow/scripts/openroad/or_write_verilog.tcl |& tee >&@stdout /openLANE_flow/designs/user_project_wrapper/runs/22-10_20-58/logs/14-write_verilog.log"

Fri Oct 22 21:06:16 UTC 2021 - Executing "sed -i -e {s/\(set ::env(CURRENT_NETLIST)\).*/\1 \/openLANE_flow\/designs\/user_project_wrapper\/runs\/22-10_20-58\/results\/synthesis\/user_project_wrapper.synthesis_optimized.v/} /openLANE_flow/designs/user_project_wrapper/runs/22-10_20-58/config.tcl"

Fri Oct 22 21:06:16 UTC 2021 - Executing "sed -i -e {s/\(set ::env(PREV_NETLIST)\).*/\1 \/openLANE_flow\/designs\/user_project_wrapper\/runs\/22-10_20-58\/results\/synthesis\/user_project_wrapper.synthesis_cts.v/} /openLANE_flow/designs/user_project_wrapper/runs/22-10_20-58/config.tcl"

Fri Oct 22 21:06:16 UTC 2021 - Executing "openroad -exit /openLANE_flow/scripts/sta.tcl |& tee >&@stdout /openLANE_flow/designs/user_project_wrapper/runs/22-10_20-58/logs/synthesis/15-opensta_post_resizer_timing"

Fri Oct 22 21:06:18 UTC 2021 - Executing "openroad -exit /openLANE_flow/scripts/openroad/or_resizer_routing_timing.tcl |& tee >&@stdout /openLANE_flow/designs/user_project_wrapper/runs/22-10_20-58/logs/placement/15-resizer_timing.log"

Fri Oct 22 21:06:24 UTC 2021 - Executing "openroad -exit /openLANE_flow/scripts/openroad/or_write_verilog.tcl |& tee >&@stdout /openLANE_flow/designs/user_project_wrapper/runs/22-10_20-58/logs/16-write_verilog.log"

Fri Oct 22 21:06:25 UTC 2021 - Executing "sed -i -e {s/\(set ::env(CURRENT_NETLIST)\).*/\1 \/openLANE_flow\/designs\/user_project_wrapper\/runs\/22-10_20-58\/results\/synthesis\/user_project_wrapper.synthesis_optimized.v/} /openLANE_flow/designs/user_project_wrapper/runs/22-10_20-58/config.tcl"

Fri Oct 22 21:06:25 UTC 2021 - Executing "sed -i -e {s/\(set ::env(PREV_NETLIST)\).*/\1 \/openLANE_flow\/designs\/user_project_wrapper\/runs\/22-10_20-58\/results\/synthesis\/user_project_wrapper.synthesis_optimized.v/} /openLANE_flow/designs/user_project_wrapper/runs/22-10_20-58/config.tcl"

Fri Oct 22 21:06:25 UTC 2021 - Executing "openroad -exit /openLANE_flow/scripts/sta.tcl |& tee >&@stdout /openLANE_flow/designs/user_project_wrapper/runs/22-10_20-58/logs/synthesis/17-opensta_post_resizer_routing_timing"

Fri Oct 22 21:06:28 UTC 2021 - Executing "openroad -exit /openLANE_flow/scripts/openroad/or_opendp.tcl |& tee >&@stdout /openLANE_flow/designs/user_project_wrapper/runs/22-10_20-58/logs/placement/18-opendp.log"

Fri Oct 22 21:06:29 UTC 2021 - Executing "openroad -exit /openLANE_flow/scripts/openroad/or_groute.tcl |& tee >&@stdout /openLANE_flow/designs/user_project_wrapper/runs/22-10_20-58/logs/routing/19-fastroute.log"

Fri Oct 22 21:06:36 UTC 2021 - Executing "openroad -exit /openLANE_flow/scripts/openroad/or_fill.tcl |& tee >&@stdout /openLANE_flow/designs/user_project_wrapper/runs/22-10_20-58/logs/routing/20-addspacers.log"

Fri Oct 22 21:06:37 UTC 2021 - Executing "openroad -exit /openLANE_flow/scripts/openroad/or_write_verilog.tcl |& tee >&@stdout /openLANE_flow/designs/user_project_wrapper/runs/22-10_20-58/logs/21-write_verilog.log"

Fri Oct 22 21:06:39 UTC 2021 - Executing "sed -i -e {s/\(set ::env(CURRENT_NETLIST)\).*/\1 \/openLANE_flow\/designs\/user_project_wrapper\/runs\/22-10_20-58\/results\/synthesis\/user_project_wrapper.synthesis_preroute.v/} /openLANE_flow/designs/user_project_wrapper/runs/22-10_20-58/config.tcl"

Fri Oct 22 21:06:39 UTC 2021 - Executing "sed -i -e {s/\(set ::env(PREV_NETLIST)\).*/\1 \/openLANE_flow\/designs\/user_project_wrapper\/runs\/22-10_20-58\/results\/synthesis\/user_project_wrapper.synthesis_optimized.v/} /openLANE_flow/designs/user_project_wrapper/runs/22-10_20-58/config.tcl"

Fri Oct 22 21:06:39 UTC 2021 - Executing "openroad -exit /openLANE_flow/scripts/openroad/or_droute.tcl |& tee >&@stdout /openLANE_flow/designs/user_project_wrapper/runs/22-10_20-58/logs/routing/22-tritonRoute.log"

Fri Oct 22 21:10:21 UTC 2021 - Executing "openroad -python /openLANE_flow/scripts/tr2klayout.py -i /openLANE_flow/designs/user_project_wrapper/runs/22-10_20-58/reports/routing/22-tritonRoute.drc -o /openLANE_flow/designs/user_project_wrapper/runs/22-10_20-58/reports/routing/22-tritonRoute.klayout.xml --design-name user_project_wrapper"

Fri Oct 22 21:10:22 UTC 2021 - Executing "openroad -exit /openLANE_flow/scripts/openroad/or_rcx.tcl |& tee >&@stdout /openLANE_flow/designs/user_project_wrapper/runs/22-10_20-58/logs/routing/23-spef_extraction.log"

Fri Oct 22 21:10:26 UTC 2021 - Executing "openroad -exit /openLANE_flow/scripts/sta.tcl |& tee >&@stdout /openLANE_flow/designs/user_project_wrapper/runs/22-10_20-58/logs/synthesis/24-opensta_spef"

Fri Oct 22 21:10:31 UTC 2021 - Executing "openroad -python /openLANE_flow/scripts/write_powered_def.py -d /openLANE_flow/designs/user_project_wrapper/runs/22-10_20-58/results/routing/21-user_project_wrapper.def -l /openLANE_flow/designs/user_project_wrapper/runs/22-10_20-58/tmp/merged.lef --power-port VPWR --ground-port VGND --powered-netlist {} -o /openLANE_flow/designs/user_project_wrapper/runs/22-10_20-58/tmp/routing/25-user_project_wrapper.powered.def |& tee >&@stdout /openLANE_flow/designs/user_project_wrapper/runs/22-10_20-58/logs/lvs/25-write_powered_verilog.log"

Fri Oct 22 21:10:33 UTC 2021 - Executing "openroad -exit /openLANE_flow/scripts/openroad/or_write_verilog.tcl |& tee >&@stdout /openLANE_flow/designs/user_project_wrapper/runs/22-10_20-58/logs/26-write_verilog.log"

Fri Oct 22 21:10:34 UTC 2021 - Executing "sed -i -e {s/\(set ::env(CURRENT_NETLIST)\).*/\1 \/openLANE_flow\/designs\/user_project_wrapper\/runs\/22-10_20-58\/results\/lvs\/user_project_wrapper.lvs.powered.v/} /openLANE_flow/designs/user_project_wrapper/runs/22-10_20-58/config.tcl"

Fri Oct 22 21:10:34 UTC 2021 - Executing "sed -i -e {s/\(set ::env(PREV_NETLIST)\).*/\1 \/openLANE_flow\/designs\/user_project_wrapper\/runs\/22-10_20-58\/results\/synthesis\/user_project_wrapper.synthesis_preroute.v/} /openLANE_flow/designs/user_project_wrapper/runs/22-10_20-58/config.tcl"

Fri Oct 22 21:10:34 UTC 2021 - Executing "magic -noconsole -dnull -rcfile /home/dpztv/SkyWater/OpenLane/pdks/sky130A/libs.tech/magic/sky130A.magicrc /openLANE_flow/scripts/magic/mag_gds.tcl </dev/null |& tee >&@stdout /openLANE_flow/designs/user_project_wrapper/runs/22-10_20-58/logs/magic/27-magic.log"

Fri Oct 22 21:10:39 UTC 2021 - Executing "magic -noconsole -dnull -rcfile /home/dpztv/SkyWater/OpenLane/pdks/sky130A/libs.tech/magic/sky130A.magicrc /openLANE_flow/scripts/magic/gds_pointers.tcl </dev/null |& tee >&@stdout /openLANE_flow/designs/user_project_wrapper/runs/22-10_20-58/logs/magic/28-magic.mag.gds_ptrs.log"

Fri Oct 22 21:10:42 UTC 2021 - Executing "sed -i -n {/^<< properties >>/,/^<< end >>/p} /openLANE_flow/designs/user_project_wrapper/runs/22-10_20-58/tmp/magic/magic_gds_ptrs.mag"

Fri Oct 22 21:10:42 UTC 2021 - Executing "magic -noconsole -dnull -rcfile /home/dpztv/SkyWater/OpenLane/pdks/sky130A/libs.tech/magic/sky130A.magicrc /openLANE_flow/scripts/magic/lef.tcl </dev/null |& tee >&@stdout /openLANE_flow/designs/user_project_wrapper/runs/22-10_20-58/logs/magic/29-magic.lef.log"

Fri Oct 22 21:10:48 UTC 2021 - Executing "magic -noconsole -dnull -rcfile /home/dpztv/SkyWater/OpenLane/pdks/sky130A/libs.tech/magic/sky130A.magicrc /openLANE_flow/scripts/magic/maglef.tcl </dev/null |& tee >&@stdout /openLANE_flow/designs/user_project_wrapper/runs/22-10_20-58/logs/magic/30-magic.maglef.log"

Fri Oct 22 21:10:49 UTC 2021 - Executing "bash /openLANE_flow/scripts/klayout/def2gds.sh /home/dpztv/SkyWater/OpenLane/pdks/sky130A/libs.tech/klayout/sky130A.lyt /openLANE_flow/designs/user_project_wrapper/runs/22-10_20-58/results/routing/21-user_project_wrapper.def user_project_wrapper /openLANE_flow/designs/user_project_wrapper/runs/22-10_20-58/results/klayout/user_project_wrapper.gds {/home/dpztv/SkyWater/OpenLane/pdks/sky130A/libs.ref/sky130_fd_sc_hd/gds/sky130_ef_sc_hd__decap_12.gds /home/dpztv/SkyWater/OpenLane/pdks/sky130A/libs.ref/sky130_fd_sc_hd/gds/sky130_ef_sc_hd__fakediode_2.gds /home/dpztv/SkyWater/OpenLane/pdks/sky130A/libs.ref/sky130_fd_sc_hd/gds/sky130_ef_sc_hd__fill_12.gds /home/dpztv/SkyWater/OpenLane/pdks/sky130A/libs.ref/sky130_fd_sc_hd/gds/sky130_ef_sc_hd__fill_4.gds /home/dpztv/SkyWater/OpenLane/pdks/sky130A/libs.ref/sky130_fd_sc_hd/gds/sky130_ef_sc_hd__fill_8.gds /home/dpztv/SkyWater/OpenLane/pdks/sky130A/libs.ref/sky130_fd_sc_hd/gds/sky130_fd_sc_hd.gds } |& tee >&@stdout /openLANE_flow/designs/user_project_wrapper/runs/22-10_20-58/logs/klayout/31-klayout.log"

Fri Oct 22 21:10:51 UTC 2021 - Executing "bash /openLANE_flow/scripts/klayout/xor.sh /openLANE_flow/designs/user_project_wrapper/runs/22-10_20-58/results/magic/user_project_wrapper.gds /openLANE_flow/designs/user_project_wrapper/runs/22-10_20-58/results/klayout/user_project_wrapper.gds user_project_wrapper /openLANE_flow/designs/user_project_wrapper/runs/22-10_20-58/results/klayout/user_project_wrapper.xor.gds |& tee >&@stdout /openLANE_flow/designs/user_project_wrapper/runs/22-10_20-58/logs/klayout/32-klayout.xor.log"

Fri Oct 22 21:11:04 UTC 2021 - Executing "openroad -python /openLANE_flow/scripts/parse_klayout_xor_log.py -l /openLANE_flow/designs/user_project_wrapper/runs/22-10_20-58/logs/klayout/32-klayout.xor.log -o /openLANE_flow/designs/user_project_wrapper/runs/22-10_20-58/reports/klayout/32-klayout.xor.rpt"

Fri Oct 22 21:11:05 UTC 2021 - Executing "bash /openLANE_flow/scripts/klayout/xor.sh /openLANE_flow/designs/user_project_wrapper/runs/22-10_20-58/results/magic/user_project_wrapper.gds /openLANE_flow/designs/user_project_wrapper/runs/22-10_20-58/results/klayout/user_project_wrapper.gds user_project_wrapper /openLANE_flow/designs/user_project_wrapper/runs/22-10_20-58/results/klayout/user_project_wrapper.xor.xml |& tee >&@stdout /openLANE_flow/designs/user_project_wrapper/runs/22-10_20-58/logs/klayout/33-klayout.xor.log"

Fri Oct 22 21:11:22 UTC 2021 - Executing "openroad -python /openLANE_flow/scripts/parse_klayout_xor_log.py -l /openLANE_flow/designs/user_project_wrapper/runs/22-10_20-58/logs/klayout/33-klayout.xor.log -o /openLANE_flow/designs/user_project_wrapper/runs/22-10_20-58/reports/klayout/33-klayout.xor.rpt"

Fri Oct 22 21:11:23 UTC 2021 - Executing "magic -noconsole -dnull -rcfile /home/dpztv/SkyWater/OpenLane/pdks/sky130A/libs.tech/magic/sky130A.magicrc /openLANE_flow/designs/user_project_wrapper/runs/22-10_20-58/tmp/magic_spice.tcl </dev/null |& tee >&@stdout /openLANE_flow/designs/user_project_wrapper/runs/22-10_20-58/logs/magic/34-magic_spice.log"

Fri Oct 22 21:11:35 UTC 2021 - Executing "netgen -batch source /openLANE_flow/designs/user_project_wrapper/runs/22-10_20-58/tmp/lvs/setup_file.lef.lvs |& tee >&@stdout /openLANE_flow/designs/user_project_wrapper/runs/22-10_20-58/logs/lvs/35-lvs.lef.log"

Fri Oct 22 21:11:37 UTC 2021 - Executing "magic -noconsole -dnull -rcfile /home/dpztv/SkyWater/OpenLane/pdks/sky130A/libs.tech/magic/sky130A.magicrc /openLANE_flow/scripts/magic/drc.tcl </dev/null |& tee >&@stdout /openLANE_flow/designs/user_project_wrapper/runs/22-10_20-58/logs/magic/36-magic.drc.log"

Fri Oct 22 21:12:34 UTC 2021 - Executing "openroad -python /openLANE_flow/scripts/magic_drc_to_tcl.py -i /openLANE_flow/designs/user_project_wrapper/runs/22-10_20-58/reports/magic/36-magic.drc -o /openLANE_flow/designs/user_project_wrapper/runs/22-10_20-58/reports/magic/36-magic.drc.tcl"

Fri Oct 22 21:12:35 UTC 2021 - Executing "openroad -python /openLANE_flow/scripts/magic_drc_to_tr_drc.py -i /openLANE_flow/designs/user_project_wrapper/runs/22-10_20-58/reports/magic/36-magic.drc -o /openLANE_flow/designs/user_project_wrapper/runs/22-10_20-58/reports/magic/36-magic.tr.drc"

Fri Oct 22 21:12:36 UTC 2021 - Executing "openroad -python /openLANE_flow/scripts/tr2klayout.py -i /openLANE_flow/designs/user_project_wrapper/runs/22-10_20-58/reports/magic/36-magic.tr.drc -o /openLANE_flow/designs/user_project_wrapper/runs/22-10_20-58/reports/magic/36-magic.drc.klayout.xml --design-name user_project_wrapper"

Fri Oct 22 21:12:37 UTC 2021 - Executing "openroad -python /openLANE_flow/scripts/magic_drc_to_rdb.py --magic_drc_in /openLANE_flow/designs/user_project_wrapper/runs/22-10_20-58/reports/magic/36-magic.drc --rdb_out /openLANE_flow/designs/user_project_wrapper/runs/22-10_20-58/reports/magic/36-magic.drc.rdb"

Fri Oct 22 21:12:38 UTC 2021 - Executing "openroad -exit /openLANE_flow/scripts/openroad/or_antenna_check.tcl |& tee >&@stdout /openLANE_flow/designs/user_project_wrapper/runs/22-10_20-58/logs/routing/37-or_antenna.log"

Fri Oct 22 21:12:40 UTC 2021 - Executing "mv -f /openLANE_flow/designs/user_project_wrapper/runs/22-10_20-58/reports/routing/antenna.rpt /openLANE_flow/designs/user_project_wrapper/runs/22-10_20-58/reports/routing/38-antenna.rpt"

Fri Oct 22 21:12:40 UTC 2021 - Executing "awk { BEGIN {  # Print power and standard_input definitions
    print "VPWR power 1.8";
    print "VGND power 0.0";
    print "#define std_input min@VGND max@VPWR";
}
$1 == "input" {  # Print input nets
    gsub(/;/, "");
    if ( $2 == "VPWR" || $2 == "VGND" ) {  # ignore power nets
        next;
    }
    if ( NF == 3 ) {  # print buses as net[range]
        $2 = $3 $2;
    }
    print $2, "input std_input";
}} /openLANE_flow/designs/user_project_wrapper/runs/22-10_20-58/results/lvs/user_project_wrapper.lvs.powered.v > /openLANE_flow/designs/user_project_wrapper/runs/22-10_20-58/results/cvc/user_project_wrapper.power"

Fri Oct 22 21:12:40 UTC 2021 - Executing "awk { /Black-box entry subcircuit/ {  # remove black-box defintions
    while ( $1 != ".ends" ) {
        getline;
    }
    getline;
}
/^\*/ {  # remove comments
    next;
}
/^.ENDS .*/ {  # remove name from ends lines
    print $1;
    next;
}
 {
    print $0;
}} /home/dpztv/SkyWater/OpenLane/pdks/sky130A/libs.ref/sky130_fd_sc_hd/cdl/sky130_fd_sc_hd.cdl /openLANE_flow/designs/user_project_wrapper/runs/22-10_20-58/results/magic/user_project_wrapper.lef.spice > /openLANE_flow/designs/user_project_wrapper/runs/22-10_20-58/results/cvc/user_project_wrapper.cdl"

Fri Oct 22 21:12:40 UTC 2021 - Executing "cvc /openLANE_flow/scripts/cvc/sky130A/cvcrc.sky130A |& tee >&@stdout /openLANE_flow/designs/user_project_wrapper/runs/22-10_20-58/logs/cvc/39-cvc_screen.log"

Fri Oct 22 21:12:41 UTC 2021 - Executing "openroad -python /openLANE_flow/generate_reports.py -d /openLANE_flow/designs/user_project_wrapper --design_name user_project_wrapper --tag 22-10_20-58 --output_file /openLANE_flow/designs/user_project_wrapper/runs/22-10_20-58/reports/final_summary_report.csv --man_report /openLANE_flow/designs/user_project_wrapper/runs/22-10_20-58/reports/manufacturability_report.rpt --runtime_summary /openLANE_flow/designs/user_project_wrapper/runs/22-10_20-58/reports/runtime_summary_report.rpt --run_path /openLANE_flow/designs/user_project_wrapper/runs/22-10_20-58"

