0-prep 0h0m2s820ms
1-yosys 0h5m34s152ms
2-opensta 0h0m2s847ms
3-verilog2def_openroad 0h0m1s659ms
4-ioPlacer 0h0m1s338ms
5-tapcell 0h0m1s330ms
7-pdn 0h0m3s623ms
8-replace 0h0m7s433ms
8-resizer 0h0m5s363ms
9-write_verilog 0h0m1s304ms
10-opensta_post_resizer 0h0m2s814ms
11-opendp 0h0m1s449ms
12-cts 0h1m21s637ms
13-write_verilog 0h0m1s309ms
13-resizer_timing 0h0m3s923ms
14-write_verilog 0h0m1s299ms
15-resizer_timing 0h0m5s190ms
15-opensta_post_resizer_timing 0h0m2s832ms
16-write_verilog 0h0m1s323ms
17-opensta_post_resizer_routing_timing 0h0m2s819ms
18-opendp 0h0m1s469ms
19-fastroute 0h0m7s308ms
20-addspacers 0h0m1s455ms
21-write_verilog 0h0m1s391ms
22-tritonRoute 0h3m40s265ms
23-spef_extraction 0h0m4s238ms
24-opensta_spef 0h0m4s345ms
26-write_verilog 0h0m1s648ms
30-magic_gen 0h0m14s418ms
31-klayout 0h0m2s429ms
33-klayout_xor 0h0m31s66ms
34-magic_ext_spice 0h0m11s945ms
35-lvs 0h0m2s420ms
36-magic_drc 0h1m0s224ms
38-or_antenna 0h0m2s336ms
39-cvc 0h0m0s601ms