0-prep 0h0m2s314ms
1-yosys 0h5m35s818ms
2-opensta 0h0m2s710ms
3-verilog2def_openroad 0h0m1s492ms
4-ioPlacer 0h0m1s167ms
5-tapcell 0h0m1s186ms
7-pdn 0h0m2s134ms
8-replace 0h0m7s505ms
8-resizer 0h0m5s249ms
9-write_verilog 0h0m1s185ms
10-opensta_post_resizer 0h0m2s741ms
11-opendp 0h0m1s316ms
12-cts 0h1m22s625ms
13-write_verilog 0h0m1s200ms
13-resizer_timing 0h0m4s320ms
14-write_verilog 0h0m1s187ms
15-resizer_timing 0h0m5s161ms
15-opensta_post_resizer_timing 0h0m2s748ms
16-write_verilog 0h0m1s182ms
17-opensta_post_resizer_routing_timing 0h0m2s745ms
18-opendp 0h0m1s329ms
19-fastroute 0h0m7s148ms
20-addspacers 0h0m1s308ms
21-write_verilog 0h0m1s241ms
22-tritonRoute 0h3m43s668ms
23-spef_extraction 0h0m4s75ms
24-opensta_spef 0h0m4s131ms
26-write_verilog 0h0m1s538ms
30-magic_gen 0h0m14s446ms
31-klayout 0h0m2s137ms
33-klayout_xor 0h0m32s20ms
34-magic_ext_spice 0h0m12s97ms
35-lvs 0h0m2s604ms
36-magic_drc 0h1m0s179ms
38-or_antenna 0h0m2s174ms
39-cvc 0h0m0s606ms