0-prep 0h0m2s430ms
1-yosys 0h5m34s453ms
2-opensta 0h0m2s798ms
3-verilog2def_openroad 0h0m1s520ms
4-ioPlacer 0h0m1s208ms
5-tapcell 0h0m1s227ms
7-pdn 0h0m2s171ms
8-replace 0h0m7s546ms
8-resizer 0h0m5s258ms
9-write_verilog 0h0m1s193ms
10-opensta_post_resizer 0h0m2s743ms
11-opendp 0h0m1s329ms
12-cts 0h1m23s253ms
13-write_verilog 0h0m1s170ms
13-resizer_timing 0h0m4s308ms
14-write_verilog 0h0m1s157ms
15-resizer_timing 0h0m5s186ms
15-opensta_post_resizer_timing 0h0m2s779ms
16-write_verilog 0h0m1s180ms
17-opensta_post_resizer_routing_timing 0h0m2s763ms
18-opendp 0h0m1s296ms
19-fastroute 0h0m7s187ms
20-addspacers 0h0m1s293ms
21-write_verilog 0h0m1s209ms
22-tritonRoute 0h3m43s191ms
23-spef_extraction 0h0m4s85ms
24-opensta_spef 0h0m4s174ms
26-write_verilog 0h0m1s504ms
30-magic_gen 0h0m14s524ms
31-klayout 0h0m2s630ms
33-klayout_xor 0h0m31s887ms
34-magic_ext_spice 0h0m12s120ms
35-lvs 0h0m2s653ms
36-magic_drc 0h1m0s129ms
38-or_antenna 0h0m2s165ms
39-cvc 0h0m0s607ms