0-prep 0h0m2s371ms
1-yosys 0h1m43s740ms
2-opensta 0h0m2s633ms
3-verilog2def_openroad 0h0m1s523ms
4-ioPlacer 0h0m1s208ms
5-tapcell 0h0m1s206ms
7-pdn 0h0m2s149ms
8-replace 0h0m8s121ms
8-resizer 0h0m5s295ms
9-write_verilog 0h0m1s177ms
10-opensta_post_resizer 0h0m2s784ms
11-opendp 0h0m1s331ms
12-cts 0h1m23s13ms
13-write_verilog 0h0m1s198ms
13-resizer_timing 0h0m12s944ms
14-write_verilog 0h0m1s165ms
15-resizer_timing 0h0m6s480ms
15-opensta_post_resizer_timing 0h0m2s706ms
16-write_verilog 0h0m1s196ms
17-opensta_post_resizer_routing_timing 0h0m2s921ms
18-opendp 0h0m1s372ms
19-fastroute 0h0m7s683ms
20-addspacers 0h0m1s368ms
21-write_verilog 0h0m1s226ms
22-tritonRoute 0h3m26s722ms
23-spef_extraction 0h0m4s202ms
24-opensta_spef 0h0m4s329ms
26-write_verilog 0h0m1s544ms
30-magic_gen 0h0m15s213ms
31-klayout 0h0m2s209ms
33-klayout_xor 0h0m33s292ms
34-magic_ext_spice 0h0m12s583ms
35-lvs 0h0m2s794ms
36-magic_drc 0h1m3s736ms
38-or_antenna 0h0m2s185ms
39-cvc 0h0m0s614ms